<?xml version="1.0" encoding="UTF-8"?>
<testng-results ignored="0" total="12" passed="11" failed="1" skipped="0">
  <reporter-output>
    <line>
      <![CDATA[Current page header is: YOUR SHOPPING CART]]>
    </line>
    <line>
      <![CDATA[Specific game upgrade is present]]>
    </line>
    <line>
      <![CDATA[Card status message is: Your item has been removed!]]>
    </line>
    <line>
      <![CDATA[Actual profile name: steamtest240]]>
    </line>
    <line>
      <![CDATA[Page header contains the word: ABOUT]]>
    </line>
    <line>
      <![CDATA[Real name header profile name is: steamtest240]]>
    </line>
  </reporter-output>
  <suite started-at="2022-06-07T17:18:35 CEST" name="All Test Suite" finished-at="2022-06-07T17:24:06 CEST" duration-ms="331058">
    <groups>
    </groups>
    <test started-at="2022-06-07T17:18:35 CEST" name="C:/Users/Filip/IdeaProjects/Steam" finished-at="2022-06-07T17:24:06 CEST" duration-ms="331058">
      <class name="tests.WishListTest">
        <test-method signature="addGameToWishlistAndRemoveItFromWishlist()[pri:0, instance:tests.WishListTest@f8c1ddd]" started-at="2022-06-07T17:23:14 CEST" name="addGameToWishlistAndRemoveItFromWishlist" finished-at="2022-06-07T17:24:06 CEST" duration-ms="51666" status="PASS">
          <reporter-output>
          </reporter-output>
        </test-method> <!-- addGameToWishlistAndRemoveItFromWishlist -->
      </class> <!-- tests.WishListTest -->
      <class name="tests.EditProfileTest">
        <test-method signature="openProfileSettings()[pri:0, instance:tests.EditProfileTest@6a01e23]" started-at="2022-06-07T17:20:33 CEST" name="openProfileSettings" finished-at="2022-06-07T17:21:19 CEST" duration-ms="46200" status="PASS">
          <reporter-output>
            <line>
              <![CDATA[Actual profile name: steamtest240]]>
            </line>
            <line>
              <![CDATA[Page header contains the word: ABOUT]]>
            </line>
            <line>
              <![CDATA[Real name header profile name is: steamtest240]]>
            </line>
          </reporter-output>
        </test-method> <!-- openProfileSettings -->
      </class> <!-- tests.EditProfileTest -->
      <class name="tests.CartTest">
        <test-method signature="addToCartTest()[pri:1, instance:tests.CartTest@10db82ae]" started-at="2022-06-07T17:18:35 CEST" name="addToCartTest" finished-at="2022-06-07T17:19:28 CEST" duration-ms="53650" status="PASS">
          <reporter-output>
            <line>
              <![CDATA[Current page header is: YOUR SHOPPING CART]]>
            </line>
            <line>
              <![CDATA[Specific game upgrade is present]]>
            </line>
          </reporter-output>
        </test-method> <!-- addToCartTest -->
        <test-method signature="removeGameFromCart()[pri:2, instance:tests.CartTest@10db82ae]" started-at="2022-06-07T17:19:28 CEST" name="removeGameFromCart" finished-at="2022-06-07T17:19:59 CEST" duration-ms="31021" status="PASS">
          <reporter-output>
            <line>
              <![CDATA[Card status message is: Your item has been removed!]]>
            </line>
          </reporter-output>
        </test-method> <!-- removeGameFromCart -->
        <test-method signature="addTwoGamesToCartAndRemoveThem()[pri:3, instance:tests.CartTest@10db82ae]" started-at="2022-06-07T17:19:59 CEST" name="addTwoGamesToCartAndRemoveThem" finished-at="2022-06-07T17:20:33 CEST" duration-ms="33227" status="PASS">
          <reporter-output>
          </reporter-output>
        </test-method> <!-- addTwoGamesToCartAndRemoveThem -->
      </class> <!-- tests.CartTest -->
      <class name="tests.RegistrationTest">
        <test-method signature="attemptRegistrationWithExistingUserCredentials()[pri:0, instance:tests.RegistrationTest@5a955565]" started-at="2022-06-07T17:21:19 CEST" name="attemptRegistrationWithExistingUserCredentials" finished-at="2022-06-07T17:21:28 CEST" duration-ms="9332" status="PASS">
          <reporter-output>
          </reporter-output>
        </test-method> <!-- attemptRegistrationWithExistingUserCredentials -->
      </class> <!-- tests.RegistrationTest -->
      <class name="tests.SignInTest">
        <test-method signature="successfulSignIn()[pri:1, instance:tests.SignInTest@7fc2413d]" started-at="2022-06-07T17:22:29 CEST" name="successfulSignIn" finished-at="2022-06-07T17:22:49 CEST" duration-ms="20194" status="PASS">
          <reporter-output>
          </reporter-output>
        </test-method> <!-- successfulSignIn -->
        <test-method signature="signInWithInvalidSteamAccountNameAndValidPassword()[pri:2, instance:tests.SignInTest@7fc2413d]" started-at="2022-06-07T17:22:49 CEST" name="signInWithInvalidSteamAccountNameAndValidPassword" finished-at="2022-06-07T17:22:57 CEST" duration-ms="8228" status="PASS">
          <reporter-output>
          </reporter-output>
        </test-method> <!-- signInWithInvalidSteamAccountNameAndValidPassword -->
        <test-method signature="signInWithValidSteamAccountNameAndInvalidPassword()[pri:3, instance:tests.SignInTest@7fc2413d]" started-at="2022-06-07T17:22:57 CEST" name="signInWithValidSteamAccountNameAndInvalidPassword" finished-at="2022-06-07T17:23:06 CEST" duration-ms="8817" status="PASS">
          <reporter-output>
          </reporter-output>
        </test-method> <!-- signInWithValidSteamAccountNameAndInvalidPassword -->
        <test-method signature="signInWithInvalidCredentials()[pri:4, instance:tests.SignInTest@7fc2413d]" started-at="2022-06-07T17:23:06 CEST" name="signInWithInvalidCredentials" finished-at="2022-06-07T17:23:14 CEST" duration-ms="7962" status="FAIL">
          <exception class="java.lang.AssertionError">
            <message>
              <![CDATA[Test unsuccessful, incorrect error message is displayed. Expected error message: The account name or password that you have entered is incorrect.. Actual error message displayed: Please verify your humanity by re-entering the characters in the captcha.]]>
            </message>
            <full-stacktrace>
              <![CDATA[java.lang.AssertionError: Test unsuccessful, incorrect error message is displayed. Expected error message: The account name or password that you have entered is incorrect.. Actual error message displayed: Please verify your humanity by re-entering the characters in the captcha.
at tests.SignInTest.signInWithInvalidCredentials(SignInTest.java:146)
at java.base/jdk.internal.reflect.DirectMethodHandleAccessor.invoke(DirectMethodHandleAccessor.java:104)
at java.base/java.lang.reflect.Method.invoke(Method.java:577)
at org.testng.internal.invokers.MethodInvocationHelper.invokeMethod(MethodInvocationHelper.java:139)
at org.testng.internal.invokers.TestInvoker.invokeMethod(TestInvoker.java:677)
at org.testng.internal.invokers.TestInvoker.invokeTestMethod(TestInvoker.java:221)
at org.testng.internal.invokers.MethodRunner.runInSequence(MethodRunner.java:50)
at org.testng.internal.invokers.TestInvoker$MethodInvocationAgent.invoke(TestInvoker.java:962)
at org.testng.internal.invokers.TestInvoker.invokeTestMethods(TestInvoker.java:194)
at org.testng.internal.invokers.TestMethodWorker.invokeTestMethods(TestMethodWorker.java:148)
at org.testng.internal.invokers.TestMethodWorker.run(TestMethodWorker.java:128)
at java.base/java.util.ArrayList.forEach(ArrayList.java:1511)
at org.testng.TestRunner.privateRun(TestRunner.java:806)
at org.testng.TestRunner.run(TestRunner.java:601)
at org.testng.SuiteRunner.runTest(SuiteRunner.java:433)
at org.testng.SuiteRunner.runSequentially(SuiteRunner.java:427)
at org.testng.SuiteRunner.privateRun(SuiteRunner.java:387)
at org.testng.SuiteRunner.run(SuiteRunner.java:330)
at org.testng.SuiteRunnerWorker.runSuite(SuiteRunnerWorker.java:52)
at org.testng.SuiteRunnerWorker.run(SuiteRunnerWorker.java:95)
at org.testng.TestNG.runSuitesSequentially(TestNG.java:1256)
at org.testng.TestNG.runSuitesLocally(TestNG.java:1176)
at org.testng.TestNG.runSuites(TestNG.java:1099)
at org.testng.TestNG.run(TestNG.java:1067)
at com.intellij.rt.testng.IDEARemoteTestNG.run(IDEARemoteTestNG.java:66)
at com.intellij.rt.testng.RemoteTestNGStarter.main(RemoteTestNGStarter.java:109)
]]>
            </full-stacktrace>
          </exception> <!-- java.lang.AssertionError -->
          <reporter-output>
          </reporter-output>
        </test-method> <!-- signInWithInvalidCredentials -->
      </class> <!-- tests.SignInTest -->
      <class name="tests.SearchTest">
        <test-method signature="searchForASpecificGameByName()[pri:1, instance:tests.SearchTest@7995092a]" started-at="2022-06-07T17:21:28 CEST" name="searchForASpecificGameByName" finished-at="2022-06-07T17:22:00 CEST" duration-ms="31427" status="PASS">
          <reporter-output>
          </reporter-output>
        </test-method> <!-- searchForASpecificGameByName -->
        <test-method signature="searchByCategory()[pri:2, instance:tests.SearchTest@7995092a]" started-at="2022-06-07T17:22:00 CEST" name="searchByCategory" finished-at="2022-06-07T17:22:29 CEST" duration-ms="29253" status="PASS">
          <reporter-output>
          </reporter-output>
        </test-method> <!-- searchByCategory -->
      </class> <!-- tests.SearchTest -->
    </test> <!-- C:/Users/Filip/IdeaProjects/Steam -->
  </suite> <!-- All Test Suite -->
</testng-results>
